# JRE version: OpenJDK Runtime Environment JBR-17.0.8.1+7-1059.3-nomod (17.0.8.1+7) (build 17.0.8.1+7-b1059.3)
# Java VM: OpenJDK 64-Bit Server VM JBR-17.0.8.1+7-1059.3-nomod (17.0.8.1+7-b1059.3, mixed mode, tiered, compressed oops, compressed class ptrs, g1 gc, windows-amd64)
GC Precious Log:
 CPUs: 12 total, 12 available
 Memory: 7519M
 Large Page Support: Disabled
 NUMA Support: Disabled
 Compressed Oops: Enabled (32-bit)
 Heap Region Size: 1M
 Heap Min Capacity: 8M
 Heap Initial Capacity: 118M
 Heap Max Capacity: 1880M
 Pre-touch: Disabled
 Parallel Workers: 10
 Concurrent Workers: 3
 Concurrent Refinement Workers: 10
 Periodic GC: Disabled
Heap:
 garbage-first heap   total 89088K, used 53988K [0x000000008a800000, 0x0000000100000000)
  region size 1024K, 15 young (15360K), 3 survivors (3072K)
 Metaspace       used 33784K, committed 33984K, reserved 1114112K
  class space    used 3644K, committed 3712K, reserved 1048576K
GC Heap History (20 events):
Event: 2.776 GC heap before
{Heap before GC invocations=5 (full 0):
 garbage-first heap   total 30720K, used 9447K [0x000000008a800000, 0x0000000100000000)
  region size 1024K, 4 young (4096K), 3 survivors (3072K)
 Metaspace       used 22504K, committed 22656K, reserved 1114112K
  class space    used 2438K, committed 2496K, reserved 1048576K
}
Event: 2.782 GC heap after
{Heap after GC invocations=6 (full 0):
 garbage-first heap   total 30720K, used 8617K [0x000000008a800000, 0x0000000100000000)
  region size 1024K, 1 young (1024K), 1 survivors (1024K)
 Metaspace       used 22504K, committed 22656K, reserved 1114112K
  class space    used 2438K, committed 2496K, reserved 1048576K
}
Event: 2.954 GC heap before
{Heap before GC invocations=6 (full 0):
 garbage-first heap   total 30720K, used 21929K [0x000000008a800000, 0x0000000100000000)
  region size 1024K, 14 young (14336K), 1 survivors (1024K)
 Metaspace       used 22641K, committed 22784K, reserved 1114112K
  class space    used 2441K, committed 2496K, reserved 1048576K
}
Event: 2.957 GC heap after
{Heap after GC invocations=7 (full 0):
 garbage-first heap   total 61440K, used 8783K [0x000000008a800000, 0x0000000100000000)
  region size 1024K, 1 young (1024K), 1 survivors (1024K)
 Metaspace       used 22641K, committed 22784K, reserved 1114112K
  class space    used 2441K, committed 2496K, reserved 1048576K
}
Event: 3.468 GC heap before
{Heap before GC invocations=7 (full 0):
 garbage-first heap   total 61440K, used 44623K [0x000000008a800000, 0x0000000100000000)
  region size 1024K, 36 young (36864K), 1 survivors (1024K)
 Metaspace       used 23201K, committed 23424K, reserved 1114112K
  class space    used 2461K, committed 2560K, reserved 1048576K
}
Event: 3.474 GC heap after
{Heap after GC invocations=8 (full 0):
 garbage-first heap   total 61440K, used 11043K [0x000000008a800000, 0x0000000100000000)
  region size 1024K, 3 young (3072K), 3 survivors (3072K)
 Metaspace       used 23201K, committed 23424K, reserved 1114112K
  class space    used 2461K, committed 2560K, reserved 1048576K
}
Event: 3.960 GC heap before
{Heap before GC invocations=8 (full 0):
 garbage-first heap   total 61440K, used 44835K [0x000000008a800000, 0x0000000100000000)
  region size 1024K, 36 young (36864K), 3 survivors (3072K)
 Metaspace       used 24137K, committed 24384K, reserved 1114112K
  class space    used 2544K, committed 2624K, reserved 1048576K
}
Event: 3.969 GC heap after
{Heap after GC invocations=9 (full 0):
 garbage-first heap   total 61440K, used 12701K [0x000000008a800000, 0x0000000100000000)
  region size 1024K, 4 young (4096K), 4 survivors (4096K)
 Metaspace       used 24137K, committed 24384K, reserved 1114112K
  class space    used 2544K, committed 2624K, reserved 1048576K
}
Event: 4.746 GC heap before
{Heap before GC invocations=9 (full 0):
 garbage-first heap   total 61440K, used 44445K [0x000000008a800000, 0x0000000100000000)
  region size 1024K, 36 young (36864K), 4 survivors (4096K)
 Metaspace       used 28831K, committed 29056K, reserved 1114112K
  class space    used 3163K, committed 3264K, reserved 1048576K
}
Event: 4.756 GC heap after
{Heap after GC invocations=10 (full 0):
 garbage-first heap   total 61440K, used 14421K [0x000000008a800000, 0x0000000100000000)
  region size 1024K, 4 young (4096K), 4 survivors (4096K)
 Metaspace       used 28831K, committed 29056K, reserved 1114112K
  class space    used 3163K, committed 3264K, reserved 1048576K
}
Event: 5.441 GC heap before
{Heap before GC invocations=10 (full 0):
 garbage-first heap   total 61440K, used 46165K [0x000000008a800000, 0x0000000100000000)
  region size 1024K, 36 young (36864K), 4 survivors (4096K)
 Metaspace       used 32699K, committed 32896K, reserved 1114112K
  class space    used 3560K, committed 3648K, reserved 1048576K
}
Event: 5.455 GC heap after
{Heap after GC invocations=11 (full 0):
 garbage-first heap   total 73728K, used 23750K [0x000000008a800000, 0x0000000100000000)
  region size 1024K, 5 young (5120K), 5 survivors (5120K)
 Metaspace       used 32699K, committed 32896K, reserved 1114112K
  class space    used 3560K, committed 3648K, reserved 1048576K
}
Event: 5.928 GC heap before
{Heap before GC invocations=11 (full 0):
 garbage-first heap   total 73728K, used 51398K [0x000000008a800000, 0x0000000100000000)
  region size 1024K, 32 young (32768K), 5 survivors (5120K)
 Metaspace       used 32790K, committed 33024K, reserved 1114112K
  class space    used 3563K, committed 3648K, reserved 1048576K
}
Event: 5.944 GC heap after
{Heap after GC invocations=12 (full 0):
 garbage-first heap   total 73728K, used 32768K [0x000000008a800000, 0x0000000100000000)
  region size 1024K, 4 young (4096K), 4 survivors (4096K)
 Metaspace       used 32790K, committed 33024K, reserved 1114112K
  class space    used 3563K, committed 3648K, reserved 1048576K
}
Event: 6.232 GC heap before
{Heap before GC invocations=12 (full 0):
 garbage-first heap   total 73728K, used 51200K [0x000000008a800000, 0x0000000100000000)
  region size 1024K, 23 young (23552K), 4 survivors (4096K)
 Metaspace       used 33421K, committed 33664K, reserved 1114112K
  class space    used 3636K, committed 3712K, reserved 1048576K
}
Event: 6.243 GC heap after
{Heap after GC invocations=13 (full 0):
 garbage-first heap   total 73728K, used 36864K [0x000000008a800000, 0x0000000100000000)
  region size 1024K, 3 young (3072K), 3 survivors (3072K)
 Metaspace       used 33421K, committed 33664K, reserved 1114112K
  class space    used 3636K, committed 3712K, reserved 1048576K
}
Event: 6.283 GC heap before
{Heap before GC invocations=13 (full 0):
 garbage-first heap   total 73728K, used 38912K [0x000000008a800000, 0x0000000100000000)
  region size 1024K, 6 young (6144K), 3 survivors (3072K)
 Metaspace       used 33444K, committed 33664K, reserved 1114112K
  class space    used 3638K, committed 3712K, reserved 1048576K
}
Event: 6.290 GC heap after
{Heap after GC invocations=14 (full 0):
 garbage-first heap   total 73728K, used 37733K [0x000000008a800000, 0x0000000100000000)
  region size 1024K, 1 young (1024K), 1 survivors (1024K)
 Metaspace       used 33444K, committed 33664K, reserved 1114112K
  class space    used 3638K, committed 3712K, reserved 1048576K
}
Event: 6.489 GC heap before
{Heap before GC invocations=15 (full 0):
 garbage-first heap   total 73728K, used 55141K [0x000000008a800000, 0x0000000100000000)
  region size 1024K, 17 young (17408K), 1 survivors (1024K)
 Metaspace       used 33704K, committed 33984K, reserved 1114112K
  class space    used 3642K, committed 3712K, reserved 1048576K
}
Event: 6.500 GC heap after
{Heap after GC invocations=16 (full 0):
 garbage-first heap   total 89088K, used 41700K [0x000000008a800000, 0x0000000100000000)
  region size 1024K, 3 young (3072K), 3 survivors (3072K)
 Metaspace       used 33704K, committed 33984K, reserved 1114112K
  class space    used 3642K, committed 3712K, reserved 1048576K
}

