# JRE version: OpenJDK Runtime Environment JBR-17.0.8.1+7-1059.3-nomod (17.0.8.1+7) (build 17.0.8.1+7-b1059.3)
# Java VM: OpenJDK 64-Bit Server VM JBR-17.0.8.1+7-1059.3-nomod (17.0.8.1+7-b1059.3, mixed mode, tiered, compressed oops, compressed class ptrs, g1 gc, windows-amd64)
GC Precious Log:
 CPUs: 12 total, 12 available
 Memory: 7519M
 Large Page Support: Disabled
 NUMA Support: Disabled
 Compressed Oops: Enabled (32-bit)
 Heap Region Size: 1M
 Heap Min Capacity: 8M
 Heap Initial Capacity: 118M
 Heap Max Capacity: 1880M
 Pre-touch: Disabled
 Parallel Workers: 10
 Concurrent Workers: 3
 Concurrent Refinement Workers: 10
 Periodic GC: Disabled
Heap:
 garbage-first heap   total 61440K, used 39839K [0x000000008a800000, 0x0000000100000000)
  region size 1024K, 22 young (22528K), 5 survivors (5120K)
 Metaspace       used 32804K, committed 33088K, reserved 1114112K
  class space    used 3565K, committed 3648K, reserved 1048576K
GC Heap History (20 events):
Event: 1.341 GC heap before
{Heap before GC invocations=0 (full 0):
 garbage-first heap   total 120832K, used 22528K [0x000000008a800000, 0x0000000100000000)
  region size 1024K, 23 young (23552K), 0 survivors (0K)
 Metaspace       used 14923K, committed 15040K, reserved 1114112K
  class space    used 1502K, committed 1536K, reserved 1048576K
}
Event: 1.352 GC heap after
{Heap after GC invocations=1 (full 0):
 garbage-first heap   total 120832K, used 4376K [0x000000008a800000, 0x0000000100000000)
  region size 1024K, 3 young (3072K), 3 survivors (3072K)
 Metaspace       used 14923K, committed 15040K, reserved 1114112K
  class space    used 1502K, committed 1536K, reserved 1048576K
}
Event: 2.118 GC heap before
{Heap before GC invocations=1 (full 0):
 garbage-first heap   total 120832K, used 34072K [0x000000008a800000, 0x0000000100000000)
  region size 1024K, 32 young (32768K), 3 survivors (3072K)
 Metaspace       used 19403K, committed 19648K, reserved 1114112K
  class space    used 2108K, committed 2240K, reserved 1048576K
}
Event: 2.130 GC heap after
{Heap after GC invocations=2 (full 0):
 garbage-first heap   total 120832K, used 6275K [0x000000008a800000, 0x0000000100000000)
  region size 1024K, 2 young (2048K), 2 survivors (2048K)
 Metaspace       used 19403K, committed 19648K, reserved 1114112K
  class space    used 2108K, committed 2240K, reserved 1048576K
}
Event: 2.516 GC heap before
{Heap before GC invocations=2 (full 0):
 garbage-first heap   total 120832K, used 17539K [0x000000008a800000, 0x0000000100000000)
  region size 1024K, 14 young (14336K), 2 survivors (2048K)
 Metaspace       used 21341K, committed 21504K, reserved 1114112K
  class space    used 2347K, committed 2432K, reserved 1048576K
}
Event: 2.522 GC heap after
{Heap after GC invocations=3 (full 0):
 garbage-first heap   total 120832K, used 7065K [0x000000008a800000, 0x0000000100000000)
  region size 1024K, 3 young (3072K), 3 survivors (3072K)
 Metaspace       used 21341K, committed 21504K, reserved 1114112K
  class space    used 2347K, committed 2432K, reserved 1048576K
}
Event: 2.902 GC heap before
{Heap before GC invocations=4 (full 0):
 garbage-first heap   total 30720K, used 22425K [0x000000008a800000, 0x0000000100000000)
  region size 1024K, 18 young (18432K), 3 survivors (3072K)
 Metaspace       used 22488K, committed 22656K, reserved 1114112K
  class space    used 2442K, committed 2496K, reserved 1048576K
}
Event: 2.911 GC heap after
{Heap after GC invocations=5 (full 0):
 garbage-first heap   total 30720K, used 8536K [0x000000008a800000, 0x0000000100000000)
  region size 1024K, 3 young (3072K), 3 survivors (3072K)
 Metaspace       used 22488K, committed 22656K, reserved 1114112K
  class space    used 2442K, committed 2496K, reserved 1048576K
}
Event: 2.923 GC heap before
{Heap before GC invocations=5 (full 0):
 garbage-first heap   total 30720K, used 9560K [0x000000008a800000, 0x0000000100000000)
  region size 1024K, 4 young (4096K), 3 survivors (3072K)
 Metaspace       used 22502K, committed 22656K, reserved 1114112K
  class space    used 2442K, committed 2496K, reserved 1048576K
}
Event: 2.930 GC heap after
{Heap after GC invocations=6 (full 0):
 garbage-first heap   total 30720K, used 8830K [0x000000008a800000, 0x0000000100000000)
  region size 1024K, 1 young (1024K), 1 survivors (1024K)
 Metaspace       used 22502K, committed 22656K, reserved 1114112K
  class space    used 2442K, committed 2496K, reserved 1048576K
}
Event: 3.113 GC heap before
{Heap before GC invocations=6 (full 0):
 garbage-first heap   total 30720K, used 22142K [0x000000008a800000, 0x0000000100000000)
  region size 1024K, 14 young (14336K), 1 survivors (1024K)
 Metaspace       used 22640K, committed 22848K, reserved 1114112K
  class space    used 2445K, committed 2560K, reserved 1048576K
}
Event: 3.116 GC heap after
{Heap after GC invocations=7 (full 0):
 garbage-first heap   total 61440K, used 8941K [0x000000008a800000, 0x0000000100000000)
  region size 1024K, 1 young (1024K), 1 survivors (1024K)
 Metaspace       used 22640K, committed 22848K, reserved 1114112K
  class space    used 2445K, committed 2560K, reserved 1048576K
}
Event: 3.744 GC heap before
{Heap before GC invocations=7 (full 0):
 garbage-first heap   total 61440K, used 43757K [0x000000008a800000, 0x0000000100000000)
  region size 1024K, 35 young (35840K), 1 survivors (1024K)
 Metaspace       used 23218K, committed 23424K, reserved 1114112K
  class space    used 2465K, committed 2560K, reserved 1048576K
}
Event: 3.750 GC heap after
{Heap after GC invocations=8 (full 0):
 garbage-first heap   total 61440K, used 11117K [0x000000008a800000, 0x0000000100000000)
  region size 1024K, 3 young (3072K), 3 survivors (3072K)
 Metaspace       used 23218K, committed 23424K, reserved 1114112K
  class space    used 2465K, committed 2560K, reserved 1048576K
}
Event: 4.327 GC heap before
{Heap before GC invocations=8 (full 0):
 garbage-first heap   total 61440K, used 44909K [0x000000008a800000, 0x0000000100000000)
  region size 1024K, 36 young (36864K), 3 survivors (3072K)
 Metaspace       used 24173K, committed 24384K, reserved 1114112K
  class space    used 2547K, committed 2624K, reserved 1048576K
}
Event: 4.335 GC heap after
{Heap after GC invocations=9 (full 0):
 garbage-first heap   total 61440K, used 12790K [0x000000008a800000, 0x0000000100000000)
  region size 1024K, 4 young (4096K), 4 survivors (4096K)
 Metaspace       used 24173K, committed 24384K, reserved 1114112K
  class space    used 2547K, committed 2624K, reserved 1048576K
}
Event: 5.374 GC heap before
{Heap before GC invocations=9 (full 0):
 garbage-first heap   total 61440K, used 44534K [0x000000008a800000, 0x0000000100000000)
  region size 1024K, 36 young (36864K), 4 survivors (4096K)
 Metaspace       used 28499K, committed 28736K, reserved 1114112K
  class space    used 3107K, committed 3200K, reserved 1048576K
}
Event: 5.386 GC heap after
{Heap after GC invocations=10 (full 0):
 garbage-first heap   total 61440K, used 14080K [0x000000008a800000, 0x0000000100000000)
  region size 1024K, 3 young (3072K), 3 survivors (3072K)
 Metaspace       used 28499K, committed 28736K, reserved 1114112K
  class space    used 3107K, committed 3200K, reserved 1048576K
}
Event: 6.147 GC heap before
{Heap before GC invocations=10 (full 0):
 garbage-first heap   total 61440K, used 45824K [0x000000008a800000, 0x0000000100000000)
  region size 1024K, 35 young (35840K), 3 survivors (3072K)
 Metaspace       used 32735K, committed 32960K, reserved 1114112K
  class space    used 3562K, committed 3648K, reserved 1048576K
}
Event: 6.160 GC heap after
{Heap after GC invocations=11 (full 0):
 garbage-first heap   total 61440K, used 23455K [0x000000008a800000, 0x0000000100000000)
  region size 1024K, 5 young (5120K), 5 survivors (5120K)
 Metaspace       used 32735K, committed 32960K, reserved 1114112K
  class space    used 3562K, committed 3648K, reserved 1048576K
}

