# JRE version: OpenJDK Runtime Environment JBR-17.0.8.1+7-1059.3-nomod (17.0.8.1+7) (build 17.0.8.1+7-b1059.3)
# Java VM: OpenJDK 64-Bit Server VM JBR-17.0.8.1+7-1059.3-nomod (17.0.8.1+7-b1059.3, mixed mode, tiered, compressed oops, compressed class ptrs, g1 gc, windows-amd64)
GC Precious Log:
 CPUs: 12 total, 12 available
 Memory: 7519M
 Large Page Support: Disabled
 NUMA Support: Disabled
 Compressed Oops: Enabled (32-bit)
 Heap Region Size: 1M
 Heap Min Capacity: 8M
 Heap Initial Capacity: 118M
 Heap Max Capacity: 1880M
 Pre-touch: Disabled
 Parallel Workers: 10
 Concurrent Workers: 3
 Concurrent Refinement Workers: 10
 Periodic GC: Disabled
Heap:
 garbage-first heap   total 80896K, used 47403K [0x000000008a800000, 0x0000000100000000)
  region size 1024K, 2 young (2048K), 2 survivors (2048K)
 Metaspace       used 35615K, committed 35904K, reserved 1114112K
  class space    used 3862K, committed 4032K, reserved 1048576K
GC Heap History (20 events):
Event: 1.681 GC heap after
{Heap after GC invocations=8 (full 0):
 garbage-first heap   total 61440K, used 10939K [0x000000008a800000, 0x0000000100000000)
  region size 1024K, 3 young (3072K), 3 survivors (3072K)
 Metaspace       used 23242K, committed 23424K, reserved 1114112K
  class space    used 2458K, committed 2560K, reserved 1048576K
}
Event: 1.935 GC heap before
{Heap before GC invocations=8 (full 0):
 garbage-first heap   total 61440K, used 44731K [0x000000008a800000, 0x0000000100000000)
  region size 1024K, 36 young (36864K), 3 survivors (3072K)
 Metaspace       used 24188K, committed 24384K, reserved 1114112K
  class space    used 2541K, committed 2624K, reserved 1048576K
}
Event: 1.939 GC heap after
{Heap after GC invocations=9 (full 0):
 garbage-first heap   total 61440K, used 12653K [0x000000008a800000, 0x0000000100000000)
  region size 1024K, 4 young (4096K), 4 survivors (4096K)
 Metaspace       used 24188K, committed 24384K, reserved 1114112K
  class space    used 2541K, committed 2624K, reserved 1048576K
}
Event: 2.401 GC heap before
{Heap before GC invocations=9 (full 0):
 garbage-first heap   total 61440K, used 44397K [0x000000008a800000, 0x0000000100000000)
  region size 1024K, 36 young (36864K), 4 survivors (4096K)
 Metaspace       used 29159K, committed 29376K, reserved 1114112K
  class space    used 3185K, committed 3264K, reserved 1048576K
}
Event: 2.405 GC heap after
{Heap after GC invocations=10 (full 0):
 garbage-first heap   total 61440K, used 13919K [0x000000008a800000, 0x0000000100000000)
  region size 1024K, 3 young (3072K), 3 survivors (3072K)
 Metaspace       used 29159K, committed 29376K, reserved 1114112K
  class space    used 3185K, committed 3264K, reserved 1048576K
}
Event: 2.728 GC heap before
{Heap before GC invocations=10 (full 0):
 garbage-first heap   total 61440K, used 46687K [0x000000008a800000, 0x0000000100000000)
  region size 1024K, 36 young (36864K), 3 survivors (3072K)
 Metaspace       used 32810K, committed 33024K, reserved 1114112K
  class space    used 3555K, committed 3648K, reserved 1048576K
}
Event: 2.736 GC heap after
{Heap after GC invocations=11 (full 0):
 garbage-first heap   total 61440K, used 24414K [0x000000008a800000, 0x0000000100000000)
  region size 1024K, 5 young (5120K), 5 survivors (5120K)
 Metaspace       used 32810K, committed 33024K, reserved 1114112K
  class space    used 3555K, committed 3648K, reserved 1048576K
}
Event: 2.933 GC heap before
{Heap before GC invocations=11 (full 0):
 garbage-first heap   total 61440K, used 45918K [0x000000008a800000, 0x0000000100000000)
  region size 1024K, 26 young (26624K), 5 survivors (5120K)
 Metaspace       used 32833K, committed 33088K, reserved 1114112K
  class space    used 3556K, committed 3648K, reserved 1048576K
}
Event: 2.938 GC heap after
{Heap after GC invocations=12 (full 0):
 garbage-first heap   total 73728K, used 31307K [0x000000008a800000, 0x0000000100000000)
  region size 1024K, 4 young (4096K), 4 survivors (4096K)
 Metaspace       used 32833K, committed 33088K, reserved 1114112K
  class space    used 3556K, committed 3648K, reserved 1048576K
}
Event: 3.065 GC heap before
{Heap before GC invocations=12 (full 0):
 garbage-first heap   total 73728K, used 51787K [0x000000008a800000, 0x0000000100000000)
  region size 1024K, 24 young (24576K), 4 survivors (4096K)
 Metaspace       used 33393K, committed 33664K, reserved 1114112K
  class space    used 3612K, committed 3712K, reserved 1048576K
}
Event: 3.071 GC heap after
{Heap after GC invocations=13 (full 0):
 garbage-first heap   total 73728K, used 35840K [0x000000008a800000, 0x0000000100000000)
  region size 1024K, 3 young (3072K), 3 survivors (3072K)
 Metaspace       used 33393K, committed 33664K, reserved 1114112K
  class space    used 3612K, committed 3712K, reserved 1048576K
}
Event: 3.099 GC heap before
{Heap before GC invocations=13 (full 0):
 garbage-first heap   total 73728K, used 41984K [0x000000008a800000, 0x0000000100000000)
  region size 1024K, 10 young (10240K), 3 survivors (3072K)
 Metaspace       used 33514K, committed 33728K, reserved 1114112K
  class space    used 3629K, committed 3712K, reserved 1048576K
}
Event: 3.104 GC heap after
{Heap after GC invocations=14 (full 0):
 garbage-first heap   total 73728K, used 37572K [0x000000008a800000, 0x0000000100000000)
  region size 1024K, 2 young (2048K), 2 survivors (2048K)
 Metaspace       used 33514K, committed 33728K, reserved 1114112K
  class space    used 3629K, committed 3712K, reserved 1048576K
}
Event: 3.196 GC heap before
{Heap before GC invocations=15 (full 0):
 garbage-first heap   total 73728K, used 54980K [0x000000008a800000, 0x0000000100000000)
  region size 1024K, 18 young (18432K), 2 survivors (2048K)
 Metaspace       used 33779K, committed 34048K, reserved 1114112K
  class space    used 3635K, committed 3712K, reserved 1048576K
}
Event: 3.202 GC heap after
{Heap after GC invocations=16 (full 0):
 garbage-first heap   total 73728K, used 41619K [0x000000008a800000, 0x0000000100000000)
  region size 1024K, 3 young (3072K), 3 survivors (3072K)
 Metaspace       used 33779K, committed 34048K, reserved 1114112K
  class space    used 3635K, committed 3712K, reserved 1048576K
}
Event: 3.205 GC heap before
{Heap before GC invocations=16 (full 0):
 garbage-first heap   total 73728K, used 42643K [0x000000008a800000, 0x0000000100000000)
  region size 1024K, 5 young (5120K), 3 survivors (3072K)
 Metaspace       used 33780K, committed 34048K, reserved 1114112K
  class space    used 3635K, committed 3712K, reserved 1048576K
}
Event: 3.209 GC heap after
{Heap after GC invocations=17 (full 0):
 garbage-first heap   total 73728K, used 42243K [0x000000008a800000, 0x0000000100000000)
  region size 1024K, 1 young (1024K), 1 survivors (1024K)
 Metaspace       used 33780K, committed 34048K, reserved 1114112K
  class space    used 3635K, committed 3712K, reserved 1048576K
}
Event: 3.294 GC heap before
{Heap before GC invocations=18 (full 0):
 garbage-first heap   total 80896K, used 58627K [0x000000008a800000, 0x0000000100000000)
  region size 1024K, 15 young (15360K), 1 survivors (1024K)
 Metaspace       used 34088K, committed 34368K, reserved 1114112K
  class space    used 3668K, committed 3776K, reserved 1048576K
}
Event: 3.300 GC heap after
{Heap after GC invocations=19 (full 0):
 garbage-first heap   total 80896K, used 45591K [0x000000008a800000, 0x0000000100000000)
  region size 1024K, 2 young (2048K), 2 survivors (2048K)
 Metaspace       used 34088K, committed 34368K, reserved 1114112K
  class space    used 3668K, committed 3776K, reserved 1048576K
}
Event: 3.525 GC heap before
{Heap before GC invocations=19 (full 0):
 garbage-first heap   total 80896K, used 62999K [0x000000008a800000, 0x0000000100000000)
  region size 1024K, 19 young (19456K), 2 survivors (2048K)
 Metaspace       used 35615K, committed 35904K, reserved 1114112K
  class space    used 3862K, committed 4032K, reserved 1048576K
}

